move 1 1
move 2 2
move 2 3
move 2 4
move 2 5
move 2 6
move 2 7
move 2 8
move 2 9
move 2 10
move 2 11
move 2 12
move 2 13
move 2 14
move 2 15
move 2 16
move 2 17
move 2 18
pick 6
pick 6
pick 6
pick 6
move 3 17
move 3 16
move 3 15
move 3 14
move 3 13
move 3 12
move 3 11
move 3 10
move 3 9
move 3 8
move 3 7
move 3 6
move 3 5
move 3 4
pick 8
move 2 3
move 1 2
move 0 1
move 0 0
drop 6
drop 6
drop 6
drop 6
drop 8
move 1 1
move 2 2
move 2 3
move 2 4
move 2 5
move 2 6
move 2 7
move 2 8
move 2 9
move 2 10
move 2 11
move 2 12
move 2 13
move 2 14
move 2 15
move 2 16
move 2 17
move 2 18
pick 6
move 3 19
move 4 20
move 5 21
move 5 22
move 5 23
move 5 24
move 5 25
move 5 26
move 5 27
move 5 28
move 5 29
move 5 30
move 5 31
move 5 32
move 5 33
move 5 34
move 5 35
move 5 36
move 5 37
move 5 38
move 5 39
move 5 40
move 5 41
move 5 42
move 5 43
move 5 44
move 5 45
move 5 46
move 5 47
move 5 48
move 5 49
move 5 50
move 5 51
move 5 52
move 5 53
move 5 54
move 5 55
pick 4
pick 4
pick 4
move 4 54
move 3 53
move 2 52
move 2 51
move 2 50
move 2 49
move 2 48
move 2 47
move 2 46
move 2 45
move 2 44
move 2 43
move 2 42
move 2 41
move 2 40
move 2 39
move 2 38
move 2 37
move 2 36
move 2 35
move 2 34
move 2 33
move 2 32
move 2 31
move 2 30
move 2 29
move 2 28
move 2 27
move 2 26
move 2 25
move 2 24
move 2 23
move 2 22
move 2 21
move 2 20
move 2 19
move 2 18
pick 6
move 1 17
move 0 16
move 0 15
move 0 14
move 0 13
move 0 12
move 0 11
move 0 10
move 0 9
move 0 8
move 0 7
move 0 6
move 0 5
move 0 4
move 0 3
move 0 2
move 0 1
move 0 0
drop 6
drop 4
drop 4
drop 4
drop 6
move 1 1
move 2 2
move 3 3
move 4 3
move 5 3
move 6 3
move 7 3
move 8 3
move 9 3
move 10 3
move 11 3
move 12 3
move 13 3
move 14 3
move 15 3
move 16 3
move 17 3
move 18 3
move 19 3
move 20 3
move 21 3
move 22 3
move 23 3
move 24 3
move 25 3
move 26 3
move 27 3
move 28 3
move 29 3
move 30 3
move 31 3
move 32 3
move 33 3
move 34 3
move 35 3
move 36 3
move 37 3
move 38 3
move 39 3
move 40 3
move 41 3
move 42 3
move 43 3
move 44 3
move 45 3
move 46 3
move 47 3
move 48 3
move 49 3
move 50 3
move 51 3
move 52 3
move 53 3
move 54 3
move 55 3
move 56 3
move 57 3
move 58 3
move 59 3
move 60 3
move 61 3
move 62 3
move 63 3
move 64 3
move 65 3
move 66 3
move 67 3
move 68 3
move 69 3
move 70 3
move 71 3
move 72 3
move 73 3
move 74 3
move 75 3
move 76 3
move 77 3
move 78 3
move 79 3
move 80 3
move 81 3
move 82 3
move 83 3
move 84 3
move 85 3
move 86 3
move 87 3
move 88 3
move 89 3
move 90 3
move 91 3
move 92 3
move 93 3
move 94 3
move 95 3
move 96 3
move 97 3
move 98 3
move 99 3
pick 2
pick 2
move 98 2
move 97 1
move 96 0
move 95 0
move 94 0
move 93 0
move 92 0
move 91 0
move 90 0
move 89 0
move 88 0
move 87 0
move 86 0
move 85 0
move 84 0
move 83 0
move 82 0
move 81 0
move 80 0
move 79 0
move 78 0
move 77 0
move 76 0
move 75 0
move 74 0
move 73 0
move 72 0
move 71 0
move 70 0
move 69 0
move 68 0
move 67 0
move 66 0
move 65 0
move 64 0
move 63 0
move 62 0
move 61 0
move 60 0
move 59 0
move 58 0
move 57 0
move 56 0
move 55 0
move 54 0
move 53 0
move 52 0
move 51 0
move 50 0
move 49 0
move 48 0
move 47 0
move 46 0
move 45 0
move 44 0
move 43 0
move 42 0
move 41 0
move 40 0
move 39 0
move 38 0
move 37 0
move 36 0
move 35 0
move 34 0
move 33 0
move 32 0
move 31 0
move 30 0
move 29 0
move 28 0
move 27 0
move 26 0
move 25 0
move 24 0
move 23 0
move 22 0
move 21 0
move 20 0
move 19 0
move 18 0
move 17 0
move 16 0
move 15 0
move 14 0
move 13 0
move 12 0
move 11 0
move 10 0
move 9 0
move 8 0
move 7 0
move 6 0
move 5 0
move 4 0
move 3 0
move 2 0
move 1 0
move 0 0
drop 2
drop 2
