move 0 0
move 1 1
move 2 2
move 3 3
move 4 4
move 5 5
move 6 6
move 7 7
move 8 8
pick 40
move 8 8
move 7 9
move 6 10
move 5 10
pick 10
move 5 10
move 6 9
move 7 8
move 8 8
pick 40
move 8 8
move 7 7
move 6 6
move 5 5
move 4 4
move 3 3
move 2 2
move 1 1
move 0 0
drop 40
drop 10
drop 40
move 0 0
move 1 1
move 2 2
move 3 3
move 4 4
move 5 5
move 6 6
move 7 6
move 8 6
move 9 6
move 10 6
move 11 6
move 12 6
pick 30
pick 30
move 12 6
move 13 7
move 14 8
move 15 9
move 16 10
move 17 10
move 18 10
pick 20
move 18 10
move 17 10
move 16 10
move 15 10
move 14 10
move 13 10
move 12 10
move 11 10
move 10 10
move 9 10
move 8 10
move 7 10
move 6 10
move 5 10
pick 10
move 5 10
move 4 9
move 4 8
move 5 7
move 5 6
move 4 5
move 3 4
move 2 3
move 1 2
move 0 1
move 0 0
drop 30
drop 30
drop 20
drop 10
move 0 0
move 1 1
move 2 2
move 3 3
move 4 4
move 5 5
move 6 6
move 7 7
move 8 8
move 9 9
move 10 10
move 11 10
move 12 10
move 13 10
move 14 10
move 15 10
move 16 10
move 17 10
move 18 10
pick 20
move 18 10
move 17 9
move 16 8
move 15 7
move 14 6
move 13 5
move 12 4
move 11 3
move 10 2
move 9 1
move 8 0
move 7 0
move 6 0
move 5 0
move 4 0
move 3 0
move 2 0
move 1 0
move 0 0
drop 20
